May 16, 2018 1:00:31 PM org.apache.catalina.core.AprLifecycleListener init
INFO: The APR based Apache Tomcat Native library which allows optimal performance in production environments was not found on the java.library.path: C:\Users\tpaocic\Desktop\docs\jdk1.6_ibm_8006\jre\bin\compressedrefs;C:\Users\tpaocic\Desktop\docs\jdk1.6_ibm_8006\jre\bin;C:\WINDOWS\system32;C:\WINDOWS;C:\Program Files\ConEmu\ConEmu\Scripts;C:\Program Files\ConEmu;C:\Program Files\ConEmu\ConEmu;C:\Users\tpaocic\Desktop\docs\jdk1.6_ibm_8006\bin;C:\WINDOWS\system32;C:\WINDOWS;C:\WINDOWS\System32\Wbem;C:\WINDOWS\System32\WindowsPowerShell\v1.0\;C:\Program Files (x86)\ATI Technologies\ATI.ACE\Core-Static;C:\Program Files\MySQL\MySQL Utilities 1.6\;C:\Users\tpaocic\Desktop\docs\apache-maven-3.0.4\bin;;C:\WINDOWS\System32\OpenSSH\;C:\Users\tpaocic\AppData\Local\Microsoft\WindowsApps;;.
May 16, 2018 1:00:31 PM java.util.prefs.WindowsPreferences <init>
WARNING: Could not open/create prefs root node Software\JavaSoft\Prefs at root 0x80000002. Windows RegCreateKeyEx(...) returned error code 5.
May 16, 2018 1:00:32 PM org.apache.coyote.AbstractProtocol init
INFO: Initializing ProtocolHandler ["http-bio-8080"]
May 16, 2018 1:00:32 PM org.apache.coyote.AbstractProtocol init
INFO: Initializing ProtocolHandler ["ajp-bio-8009"]
May 16, 2018 1:00:33 PM org.apache.openejb.util.OptionsLog info
INFO: Using 'tomee.force-reloadable=true'
May 16, 2018 1:00:33 PM org.apache.openejb.util.OptionsLog info
INFO: Using 'tomee.remote.support=true'
May 16, 2018 1:00:33 PM org.apache.openejb.util.OptionsLog info
INFO: Using 'openejb.jdbc.datasource-creator=org.apache.tomee.jdbc.TomEEDataSourceCreator'
May 16, 2018 1:00:33 PM org.apache.openejb.OpenEJB$Instance <init>
INFO: ********************************************************************************
May 16, 2018 1:00:33 PM org.apache.openejb.OpenEJB$Instance <init>
INFO: OpenEJB http://openejb.apache.org/
May 16, 2018 1:00:33 PM org.apache.openejb.OpenEJB$Instance <init>
INFO: Startup: Wed May 16 13:00:33 CEST 2018
May 16, 2018 1:00:33 PM org.apache.openejb.OpenEJB$Instance <init>
INFO: Copyright 1999-2013 (C) Apache OpenEJB Project, All Rights Reserved.
May 16, 2018 1:00:33 PM org.apache.openejb.OpenEJB$Instance <init>
INFO: Version: 4.7.1
May 16, 2018 1:00:33 PM org.apache.openejb.OpenEJB$Instance <init>
INFO: Build date: 20140912
May 16, 2018 1:00:33 PM org.apache.openejb.OpenEJB$Instance <init>
INFO: Build time: 01:43
May 16, 2018 1:00:33 PM org.apache.openejb.OpenEJB$Instance <init>
INFO: ********************************************************************************
May 16, 2018 1:00:33 PM org.apache.openejb.OpenEJB$Instance <init>
INFO: openejb.home = C:\Users\tpaocic\Desktop\docs\jsf-min\target\apache-tomee
May 16, 2018 1:00:33 PM org.apache.openejb.OpenEJB$Instance <init>
INFO: openejb.base = C:\Users\tpaocic\Desktop\docs\jsf-min\target\apache-tomee
May 16, 2018 1:00:33 PM org.apache.openejb.cdi.CdiBuilder initializeOWB
INFO: Created new singletonService org.apache.openejb.cdi.ThreadSingletonServiceImpl@2d2f7cb7
May 16, 2018 1:00:33 PM org.apache.openejb.cdi.CdiBuilder initializeOWB
INFO: Succeeded in installing singleton service
May 16, 2018 1:00:33 PM org.apache.openejb.config.ConfigurationFactory init
INFO: openejb configuration file is 'C:\Users\tpaocic\Desktop\docs\jsf-min\target\apache-tomee\conf\tomee.xml'
May 16, 2018 1:00:33 PM org.apache.openejb.config.ConfigurationFactory configureService
INFO: Configuring Service(id=Tomcat Security Service, type=SecurityService, provider-id=Tomcat Security Service)
May 16, 2018 1:00:33 PM org.apache.openejb.config.ConfigurationFactory configureService
INFO: Configuring Service(id=Default Transaction Manager, type=TransactionManager, provider-id=Default Transaction Manager)
May 16, 2018 1:00:33 PM org.apache.openejb.config.ConfigurationFactory configureService
INFO: Configuring Service(id=jdbc/dccs/jsfmin, type=Resource, provider-id=Default JDBC Database)
May 16, 2018 1:00:33 PM org.apache.openejb.config.ConfigurationFactory configureService
INFO: Configuring Service(id=jdbc/dccs/jsfminNJTA, type=Resource, provider-id=Default JDBC Database)
May 16, 2018 1:00:33 PM org.apache.openejb.util.OptionsLog info
INFO: Using 'openejb.system.apps=false'
May 16, 2018 1:00:33 PM org.apache.openejb.util.OptionsLog info
INFO: Using 'openejb.deployments.classpath=false'
May 16, 2018 1:00:33 PM org.apache.openejb.assembler.classic.Assembler createRecipe
INFO: Creating TransactionManager(id=Default Transaction Manager)
May 16, 2018 1:00:33 PM org.apache.openejb.assembler.classic.Assembler createRecipe
INFO: Creating SecurityService(id=Tomcat Security Service)
May 16, 2018 1:00:33 PM org.apache.openejb.assembler.classic.Assembler createRecipe
INFO: Creating Resource(id=jdbc/dccs/jsfmin)
May 16, 2018 1:00:33 PM org.apache.tomee.jdbc.TomEEDataSourceCreator$TomEEDataSource readOnly
INFO: Disabling testOnBorrow since no validation query is provided
May 16, 2018 1:00:33 PM org.apache.openejb.assembler.classic.Assembler createRecipe
INFO: Creating Resource(id=jdbc/dccs/jsfminNJTA)
May 16, 2018 1:00:33 PM org.apache.tomee.jdbc.TomEEDataSourceCreator$TomEEDataSource readOnly
INFO: Disabling testOnBorrow since no validation query is provided
May 16, 2018 1:00:34 PM org.apache.openejb.server.ServiceManager initServer
INFO: Creating ServerService(id=cxf)
May 16, 2018 1:00:34 PM org.apache.openejb.server.ServiceManager initServer
INFO: Creating ServerService(id=cxf-rs)
May 16, 2018 1:00:34 PM org.apache.openejb.server.SimpleServiceManager start
INFO:   ** Bound Services **
May 16, 2018 1:00:34 PM org.apache.openejb.server.SimpleServiceManager printRow
INFO:   NAME                 IP              PORT  
May 16, 2018 1:00:34 PM org.apache.openejb.server.SimpleServiceManager start
INFO: -------
May 16, 2018 1:00:34 PM org.apache.openejb.server.SimpleServiceManager start
INFO: Ready!
May 16, 2018 1:00:34 PM org.apache.catalina.startup.Catalina load
INFO: Initialization processed in 3351 ms
May 16, 2018 1:00:34 PM org.apache.tomee.catalina.OpenEJBNamingContextListener bindResource
INFO: Importing a Tomcat Resource with id 'UserDatabase' of type 'org.apache.catalina.UserDatabase'.
May 16, 2018 1:00:34 PM org.apache.openejb.assembler.classic.Assembler createRecipe
INFO: Creating Resource(id=UserDatabase)
May 16, 2018 1:00:34 PM org.apache.catalina.core.StandardService startInternal
INFO: Starting service Catalina
May 16, 2018 1:00:34 PM org.apache.catalina.core.StandardEngine startInternal
INFO: Starting Servlet Engine: Apache Tomcat (TomEE)/7.0.55 (1.7.1)
May 16, 2018 1:00:34 PM org.apache.catalina.startup.HostConfig deployWAR
INFO: Deploying web application archive C:\Users\tpaocic\Desktop\docs\jsf-min\target\apache-tomee\webapps\jsf-min-1.0-SNAPSHOT.war
May 16, 2018 1:00:34 PM org.apache.tomee.catalina.TomcatWebAppBuilder init
INFO: ------------------------- localhost -> /jsf-min-1.0-SNAPSHOT
May 16, 2018 1:00:34 PM org.apache.openejb.util.JarExtractor extract
INFO: Extracting jar: C:\Users\tpaocic\Desktop\docs\jsf-min\target\apache-tomee\webapps\jsf-min-1.0-SNAPSHOT.war
May 16, 2018 1:00:34 PM org.apache.openejb.util.JarExtractor extract
INFO: Extracted path: C:\Users\tpaocic\Desktop\docs\jsf-min\target\apache-tomee\webapps\jsf-min-1.0-SNAPSHOT
May 16, 2018 1:00:34 PM org.apache.openejb.util.OptionsLog info
INFO: Using 'openejb.session.manager=org.apache.tomee.catalina.session.QuickSessionManager'
May 16, 2018 1:00:35 PM org.apache.openejb.config.ConfigurationFactory configureApplication
INFO: Configuring enterprise application: C:\Users\tpaocic\Desktop\docs\jsf-min\target\apache-tomee\webapps\jsf-min-1.0-SNAPSHOT
May 16, 2018 1:00:38 PM org.apache.openejb.config.InitEjbDeployments deploy
INFO: Auto-deploying ejb CertificateUserServiceBeanEJB: EjbDeployment(deployment-id=CertificateUserServiceBeanEJB)
May 16, 2018 1:00:38 PM org.apache.openejb.config.InitEjbDeployments deploy
INFO: Auto-deploying ejb UserServiceBeanEJB: EjbDeployment(deployment-id=UserServiceBeanEJB)
May 16, 2018 1:00:38 PM org.apache.openejb.config.InitEjbDeployments deploy
INFO: Auto-deploying ejb SupplierServiceBeanEJB: EjbDeployment(deployment-id=SupplierServiceBeanEJB)
May 16, 2018 1:00:38 PM org.apache.openejb.config.InitEjbDeployments deploy
INFO: Auto-deploying ejb CommentServiceBeanEJB: EjbDeployment(deployment-id=CommentServiceBeanEJB)
May 16, 2018 1:00:38 PM org.apache.openejb.config.InitEjbDeployments deploy
INFO: Auto-deploying ejb CertificateServiceBeanEJB: EjbDeployment(deployment-id=CertificateServiceBeanEJB)
May 16, 2018 1:00:38 PM org.apache.openejb.config.ConfigurationFactory configureService
INFO: Configuring Service(id=Default Managed Container, type=Container, provider-id=Default Managed Container)
May 16, 2018 1:00:38 PM org.apache.openejb.config.AutoConfig createContainer
INFO: Auto-creating a container for bean jsf-min-1.0-SNAPSHOT.Comp1802277938: Container(type=MANAGED, id=Default Managed Container)
May 16, 2018 1:00:38 PM org.apache.openejb.assembler.classic.Assembler createRecipe
INFO: Creating Container(id=Default Managed Container)
May 16, 2018 1:00:38 PM org.apache.openejb.core.managed.SimplePassivater init
INFO: Using directory C:\Users\tpaocic\Desktop\docs\jsf-min\target\apache-tomee\temp for stateful session passivation
May 16, 2018 1:00:38 PM org.apache.openejb.config.ConfigurationFactory configureService
INFO: Configuring Service(id=Default Stateless Container, type=Container, provider-id=Default Stateless Container)
May 16, 2018 1:00:38 PM org.apache.openejb.config.AutoConfig createContainer
INFO: Auto-creating a container for bean CertificateUserServiceBeanEJB: Container(type=STATELESS, id=Default Stateless Container)
May 16, 2018 1:00:38 PM org.apache.openejb.assembler.classic.Assembler createRecipe
INFO: Creating Container(id=Default Stateless Container)
May 16, 2018 1:00:38 PM org.apache.openejb.config.AutoConfig deploy
INFO: Configuring PersistenceUnit(name=primary)
May 16, 2018 1:00:38 PM org.apache.openejb.config.AppInfoBuilder build
INFO: Enterprise application "C:\Users\tpaocic\Desktop\docs\jsf-min\target\apache-tomee\webapps\jsf-min-1.0-SNAPSHOT" loaded.
May 16, 2018 1:00:38 PM org.apache.openejb.assembler.classic.Assembler createApplication
INFO: Assembling app: C:\Users\tpaocic\Desktop\docs\jsf-min\target\apache-tomee\webapps\jsf-min-1.0-SNAPSHOT
May 16, 2018 1:00:38 PM org.apache.openejb.assembler.classic.ReloadableEntityManagerFactory createDelegate
INFO: PersistenceUnit(name=primary, provider=org.apache.openjpa.persistence.PersistenceProviderImpl) - provider time 234ms
May 16, 2018 1:00:39 PM org.apache.openejb.assembler.classic.JndiBuilder bind
INFO: Jndi(name=CertificateUserServiceBeanEJBLocal) --> Ejb(deployment-id=CertificateUserServiceBeanEJB)
May 16, 2018 1:00:39 PM org.apache.openejb.assembler.classic.JndiBuilder bind
INFO: Jndi(name=global/jsf-min-1.0-SNAPSHOT/CertificateUserServiceBeanEJB!at.dccs.jsfmin.api.CertificateUserService) --> Ejb(deployment-id=CertificateUserServiceBeanEJB)
May 16, 2018 1:00:39 PM org.apache.openejb.assembler.classic.JndiBuilder bind
INFO: Jndi(name=global/jsf-min-1.0-SNAPSHOT/CertificateUserServiceBeanEJB) --> Ejb(deployment-id=CertificateUserServiceBeanEJB)
May 16, 2018 1:00:39 PM org.apache.openejb.assembler.classic.JndiBuilder bind
INFO: Jndi(name=UserServiceBeanEJBLocal) --> Ejb(deployment-id=UserServiceBeanEJB)
May 16, 2018 1:00:39 PM org.apache.openejb.assembler.classic.JndiBuilder bind
INFO: Jndi(name=global/jsf-min-1.0-SNAPSHOT/UserServiceBeanEJB!at.dccs.jsfmin.api.UserService) --> Ejb(deployment-id=UserServiceBeanEJB)
May 16, 2018 1:00:39 PM org.apache.openejb.assembler.classic.JndiBuilder bind
INFO: Jndi(name=global/jsf-min-1.0-SNAPSHOT/UserServiceBeanEJB) --> Ejb(deployment-id=UserServiceBeanEJB)
May 16, 2018 1:00:39 PM org.apache.openejb.assembler.classic.JndiBuilder bind
INFO: Jndi(name=SupplierServiceBeanEJBLocal) --> Ejb(deployment-id=SupplierServiceBeanEJB)
May 16, 2018 1:00:39 PM org.apache.openejb.assembler.classic.JndiBuilder bind
INFO: Jndi(name=global/jsf-min-1.0-SNAPSHOT/SupplierServiceBeanEJB!at.dccs.jsfmin.api.SupplierService) --> Ejb(deployment-id=SupplierServiceBeanEJB)
May 16, 2018 1:00:39 PM org.apache.openejb.assembler.classic.JndiBuilder bind
INFO: Jndi(name=global/jsf-min-1.0-SNAPSHOT/SupplierServiceBeanEJB) --> Ejb(deployment-id=SupplierServiceBeanEJB)
May 16, 2018 1:00:39 PM org.apache.openejb.assembler.classic.JndiBuilder bind
INFO: Jndi(name=CommentServiceBeanEJBLocal) --> Ejb(deployment-id=CommentServiceBeanEJB)
May 16, 2018 1:00:39 PM org.apache.openejb.assembler.classic.JndiBuilder bind
INFO: Jndi(name=global/jsf-min-1.0-SNAPSHOT/CommentServiceBeanEJB!at.dccs.jsfmin.api.CommentService) --> Ejb(deployment-id=CommentServiceBeanEJB)
May 16, 2018 1:00:39 PM org.apache.openejb.assembler.classic.JndiBuilder bind
INFO: Jndi(name=global/jsf-min-1.0-SNAPSHOT/CommentServiceBeanEJB) --> Ejb(deployment-id=CommentServiceBeanEJB)
May 16, 2018 1:00:39 PM org.apache.openejb.assembler.classic.JndiBuilder bind
INFO: Jndi(name=CertificateServiceBeanEJBLocal) --> Ejb(deployment-id=CertificateServiceBeanEJB)
May 16, 2018 1:00:39 PM org.apache.openejb.assembler.classic.JndiBuilder bind
INFO: Jndi(name=global/jsf-min-1.0-SNAPSHOT/CertificateServiceBeanEJB!at.dccs.jsfmin.api.CertificateService) --> Ejb(deployment-id=CertificateServiceBeanEJB)
May 16, 2018 1:00:39 PM org.apache.openejb.assembler.classic.JndiBuilder bind
INFO: Jndi(name=global/jsf-min-1.0-SNAPSHOT/CertificateServiceBeanEJB) --> Ejb(deployment-id=CertificateServiceBeanEJB)
May 16, 2018 1:00:39 PM org.apache.openejb.cdi.CdiBuilder initSingleton
INFO: Existing thread singleton service in SystemInstance(): org.apache.openejb.cdi.ThreadSingletonServiceImpl@2d2f7cb7
May 16, 2018 1:00:39 PM org.apache.openejb.cdi.OpenEJBLifecycle startApplication
INFO: OpenWebBeans Container is starting...
May 16, 2018 1:00:39 PM org.apache.webbeans.plugins.PluginLoader startUp
INFO: Adding OpenWebBeansPlugin : [CdiPlugin]
May 16, 2018 1:00:39 PM org.apache.webbeans.plugins.PluginLoader startUp
INFO: Adding OpenWebBeansPlugin : [OpenWebBeansJsfPlugin]
May 16, 2018 1:00:39 PM org.apache.webbeans.config.BeansDeployer validateInjectionPoints
INFO: All injection points were validated successfully.
May 16, 2018 1:00:39 PM org.apache.openejb.cdi.OpenEJBLifecycle startApplication
INFO: OpenWebBeans Container has started, it took 299 ms.
May 16, 2018 1:00:39 PM org.apache.openejb.assembler.classic.Assembler startEjbs
INFO: Created Ejb(deployment-id=UserServiceBeanEJB, ejb-name=UserServiceBeanEJB, container=Default Stateless Container)
May 16, 2018 1:00:39 PM org.apache.openejb.assembler.classic.Assembler startEjbs
INFO: Created Ejb(deployment-id=SupplierServiceBeanEJB, ejb-name=SupplierServiceBeanEJB, container=Default Stateless Container)
May 16, 2018 1:00:39 PM org.apache.openejb.assembler.classic.Assembler startEjbs
INFO: Created Ejb(deployment-id=CommentServiceBeanEJB, ejb-name=CommentServiceBeanEJB, container=Default Stateless Container)
May 16, 2018 1:00:39 PM org.apache.openejb.assembler.classic.Assembler startEjbs
INFO: Created Ejb(deployment-id=CertificateUserServiceBeanEJB, ejb-name=CertificateUserServiceBeanEJB, container=Default Stateless Container)
May 16, 2018 1:00:39 PM org.apache.openejb.assembler.classic.Assembler startEjbs
INFO: Created Ejb(deployment-id=CertificateServiceBeanEJB, ejb-name=CertificateServiceBeanEJB, container=Default Stateless Container)
May 16, 2018 1:00:39 PM org.apache.openejb.assembler.classic.Assembler startEjbs
INFO: Started Ejb(deployment-id=UserServiceBeanEJB, ejb-name=UserServiceBeanEJB, container=Default Stateless Container)
May 16, 2018 1:00:39 PM org.apache.openejb.assembler.classic.Assembler startEjbs
INFO: Started Ejb(deployment-id=SupplierServiceBeanEJB, ejb-name=SupplierServiceBeanEJB, container=Default Stateless Container)
May 16, 2018 1:00:39 PM org.apache.openejb.assembler.classic.Assembler startEjbs
INFO: Started Ejb(deployment-id=CommentServiceBeanEJB, ejb-name=CommentServiceBeanEJB, container=Default Stateless Container)
May 16, 2018 1:00:39 PM org.apache.openejb.assembler.classic.Assembler startEjbs
INFO: Started Ejb(deployment-id=CertificateUserServiceBeanEJB, ejb-name=CertificateUserServiceBeanEJB, container=Default Stateless Container)
May 16, 2018 1:00:39 PM org.apache.openejb.assembler.classic.Assembler startEjbs
INFO: Started Ejb(deployment-id=CertificateServiceBeanEJB, ejb-name=CertificateServiceBeanEJB, container=Default Stateless Container)
May 16, 2018 1:00:39 PM org.apache.openejb.assembler.classic.Assembler createApplication
INFO: Deployed Application(path=C:\Users\tpaocic\Desktop\docs\jsf-min\target\apache-tomee\webapps\jsf-min-1.0-SNAPSHOT)
May 16, 2018 1:00:40 PM org.apache.tomcat.websocket.server.WsSci onStartup
INFO: JSR 356 WebSocket (Java WebSocket 1.0) support is not available when running on Java 6. To suppress this message, run Tomcat on Java 7, remove the WebSocket JARs from $CATALINA_HOME/lib or add the WebSocket JARs to the tomcat.util.scan.DefaultJarScanner.jarsToSkip property in $CATALINA_BASE/conf/catalina.properties. Note that the deprecated Tomcat 7 WebSocket API will be available. 
May 16, 2018 1:00:40 PM org.apache.tomee.myfaces.TomEEMyFacesContainerInitializer addListener
INFO: Installing <listener>org.apache.myfaces.webapp.StartupServletContextListener</listener>
May 16, 2018 1:00:40 PM org.apache.myfaces.config.DefaultFacesConfigurationProvider getStandardFacesConfig
INFO: Reading standard config META-INF/standard-faces-config.xml
May 16, 2018 1:00:40 PM org.apache.myfaces.config.DefaultFacesConfigurationProvider getWebAppFacesConfig
INFO: Reading config /WEB-INF/faces-config.xml
May 16, 2018 1:00:40 PM org.apache.myfaces.config.DefaultFacesConfigurationProvider getClassloaderFacesConfig
INFO: Reading config : jar:file:/C:/Users/tpaocic/Desktop/docs/jsf-min/target/apache-tomee/lib/openwebbeans-jsf-1.2.6.jar!/META-INF/faces-config.xml
May 16, 2018 1:00:40 PM org.apache.myfaces.config.DefaultFacesConfigurationProvider getClassloaderFacesConfig
INFO: Reading config : jar:file:/C:/Users/tpaocic/Desktop/docs/jsf-min/target/apache-tomee/webapps/jsf-min-1.0-SNAPSHOT/WEB-INF/lib/primefaces-6.2.jar!/META-INF/faces-config.xml
May 16, 2018 1:00:40 PM org.apache.myfaces.config.DefaultFacesConfigurationProvider getClassloaderFacesConfig
INFO: Reading config : jar:file:/C:/Users/tpaocic/Desktop/docs/jsf-min/target/apache-tomee/lib/openwebbeans-el22-1.2.6.jar!/META-INF/faces-config.xml
May 16, 2018 1:00:40 PM org.apache.myfaces.config.LogMetaInfUtils logArtifact
INFO: Artifact 'myfaces-api' was found in version '2.1.15' from path 'file:/C:/Users/tpaocic/Desktop/docs/jsf-min/target/apache-tomee/lib/myfaces-api-2.1.15.jar'
May 16, 2018 1:00:40 PM org.apache.myfaces.config.LogMetaInfUtils logArtifact
INFO: Artifact 'myfaces-impl' was found in version '2.1.15' from path 'file:/C:/Users/tpaocic/Desktop/docs/jsf-min/target/apache-tomee/lib/myfaces-impl-2.1.15.jar'
May 16, 2018 1:00:41 PM org.apache.myfaces.util.ExternalSpecifications isBeanValidationAvailable
INFO: MyFaces Bean Validation support enabled
May 16, 2018 1:00:41 PM org.apache.myfaces.config.FacesConfigurator handleSerialFactory
INFO: Serialization provider : class org.apache.myfaces.shared_impl.util.serial.DefaultSerialFactory
May 16, 2018 1:00:41 PM org.apache.myfaces.config.annotation.DefaultLifecycleProviderFactory getLifecycleProvider
INFO: Using LifecycleProvider org.apache.myfaces.config.annotation.Tomcat7AnnotationLifecycleProvider
May 16, 2018 1:00:41 PM org.primefaces.webapp.PostConstructApplicationEventListener processEvent
INFO: Running on PrimeFaces 6.2
May 16, 2018 1:00:41 PM org.apache.myfaces.webapp.AbstractFacesInitializer initFaces
INFO: ServletContext initialized.
May 16, 2018 1:00:41 PM org.apache.myfaces.util.ExternalSpecifications isUnifiedELAvailable
INFO: MyFaces Unified EL support enabled
May 16, 2018 1:00:41 PM org.apache.myfaces.webapp.AbstractFacesInitializer initFaces
WARNING: 

*******************************************************************
*** WARNING: Apache MyFaces-2 is running in DEVELOPMENT mode.   ***
***                                         ^^^^^^^^^^^         ***
*** Do NOT deploy to your live server(s) without changing this. ***
*** See Application#getProjectStage() for more information.     ***
*******************************************************************

May 16, 2018 1:00:41 PM org.apache.catalina.startup.HostConfig deployWAR
INFO: Deployment of web application archive C:\Users\tpaocic\Desktop\docs\jsf-min\target\apache-tomee\webapps\jsf-min-1.0-SNAPSHOT.war has finished in 7,445 ms
May 16, 2018 1:00:41 PM org.apache.coyote.AbstractProtocol start
INFO: Starting ProtocolHandler ["http-bio-8080"]
May 16, 2018 1:00:41 PM org.apache.coyote.AbstractProtocol start
INFO: Starting ProtocolHandler ["ajp-bio-8009"]
May 16, 2018 1:00:41 PM org.apache.catalina.startup.Catalina start
INFO: Server startup in 7600 ms
May 16, 2018 1:00:58 PM javax.faces.component._ExternalSpecifications isBeanValidationAvailable
INFO: MyFaces Bean Validation support enabled
